2026-04-17 14:04:20:420 [31merror[39m: [31m401 - Invalid token. Please log in again. - /api/auth/me - GET - ::1[39m
2026-04-17 14:04:20:420 [31merror[39m: [31m401 - Invalid token. Please log in again. - /api/auth/me - GET - ::1[39m
2026-04-17 14:04:20:420 [31merror[39m: [31m401 - Invalid token. Please log in again. - /api/auth/me - GET - ::1[39m
2026-04-17 14:04:20:420 [31merror[39m: [31m401 - Invalid token. Please log in again. - /api/auth/me - GET - ::1[39m
2026-04-17 14:28:02:282 [31merror[39m: [31m500 - Cannot read properties of undefined (reading 'permissions') - /api/dashboard - GET - ::1[39m
2026-04-17 14:28:02:282 [31merror[39m: [31m500 - Cannot read properties of undefined (reading 'permissions') - /api/dashboard - GET - ::1[39m
2026-04-17 14:28:11:2811 [31merror[39m: [31m500 - Cannot read properties of undefined (reading 'permissions') - /api/timetable - GET - ::1[39m
2026-04-17 14:28:11:2811 [31merror[39m: [31m500 - Cannot read properties of undefined (reading 'permissions') - /api/timetable - GET - ::1[39m
2026-04-17 14:28:15:2815 [31merror[39m: [31m500 - Cannot read properties of undefined (reading 'permissions') - /api/assignments - GET - ::1[39m
2026-04-17 14:28:15:2815 [31merror[39m: [31m500 - Cannot read properties of undefined (reading 'permissions') - /api/assignments - GET - ::1[39m
2026-04-17 14:28:17:2817 [31merror[39m: [31m500 - Cannot read properties of undefined (reading 'permissions') - /api/events - GET - ::1[39m
2026-04-17 14:28:17:2817 [31merror[39m: [31m500 - Cannot read properties of undefined (reading 'permissions') - /api/events - GET - ::1[39m
2026-04-17 14:28:18:2818 [31merror[39m: [31m500 - Cannot read properties of undefined (reading 'permissions') - /api/marketplace - GET - ::1[39m
2026-04-17 14:28:18:2818 [31merror[39m: [31m500 - Cannot read properties of undefined (reading 'permissions') - /api/marketplace - GET - ::1[39m
2026-04-17 14:28:19:2819 [31merror[39m: [31m500 - Cannot read properties of undefined (reading 'permissions') - /api/study-groups - GET - ::1[39m
2026-04-17 14:28:19:2819 [31merror[39m: [31m500 - Cannot read properties of undefined (reading 'permissions') - /api/study-groups - GET - ::1[39m
2026-04-17 14:28:23:2823 [31merror[39m: [31m500 - Cannot read properties of undefined (reading 'permissions') - /api/marketplace - GET - ::1[39m
2026-04-17 14:28:23:2823 [31merror[39m: [31m500 - Cannot read properties of undefined (reading 'permissions') - /api/marketplace - GET - ::1[39m
2026-04-17 14:28:25:2825 [31merror[39m: [31m500 - Cannot read properties of undefined (reading 'permissions') - /api/timetable - GET - ::1[39m
2026-04-17 14:28:25:2825 [31merror[39m: [31m500 - Cannot read properties of undefined (reading 'permissions') - /api/timetable - GET - ::1[39m
2026-04-17 14:28:29:2829 [31merror[39m: [31m500 - Cannot read properties of undefined (reading 'permissions') - /api/dashboard - GET - ::1[39m
2026-04-17 14:28:29:2829 [31merror[39m: [31m500 - Cannot read properties of undefined (reading 'permissions') - /api/dashboard - GET - ::1[39m
2026-04-17 14:28:31:2831 [31merror[39m: [31m500 - Cannot read properties of undefined (reading 'permissions') - /api/marketplace - GET - ::1[39m
2026-04-17 14:28:31:2831 [31merror[39m: [31m500 - Cannot read properties of undefined (reading 'permissions') - /api/marketplace - GET - ::1[39m
2026-04-17 14:28:32:2832 [31merror[39m: [31m500 - Cannot read properties of undefined (reading 'permissions') - /api/study-groups - GET - ::1[39m
2026-04-17 14:28:32:2832 [31merror[39m: [31m500 - Cannot read properties of undefined (reading 'permissions') - /api/study-groups - GET - ::1[39m
2026-04-17 14:28:37:2837 [31merror[39m: [31m500 - Cannot read properties of undefined (reading 'permissions') - /api/dashboard - GET - ::1[39m
2026-04-17 14:28:37:2837 [31merror[39m: [31m500 - Cannot read properties of undefined (reading 'permissions') - /api/dashboard - GET - ::1[39m
2026-04-17 14:28:39:2839 [31merror[39m: [31m500 - Cannot read properties of undefined (reading 'permissions') - /api/timetable - GET - ::1[39m
2026-04-17 14:28:39:2839 [31merror[39m: [31m500 - Cannot read properties of undefined (reading 'permissions') - /api/timetable - GET - ::1[39m
2026-04-17 14:28:40:2840 [31merror[39m: [31m500 - Cannot read properties of undefined (reading 'permissions') - /api/assignments - GET - ::1[39m
2026-04-17 14:28:40:2840 [31merror[39m: [31m500 - Cannot read properties of undefined (reading 'permissions') - /api/assignments - GET - ::1[39m
2026-04-17 14:28:42:2842 [31merror[39m: [31m500 - Cannot read properties of undefined (reading 'permissions') - /api/events - GET - ::1[39m
2026-04-17 14:28:42:2842 [31merror[39m: [31m500 - Cannot read properties of undefined (reading 'permissions') - /api/events - GET - ::1[39m
2026-04-17 14:28:43:2843 [31merror[39m: [31m500 - Cannot read properties of undefined (reading 'permissions') - /api/marketplace - GET - ::1[39m
2026-04-17 14:28:43:2843 [31merror[39m: [31m500 - Cannot read properties of undefined (reading 'permissions') - /api/marketplace - GET - ::1[39m
2026-04-17 14:28:44:2844 [31merror[39m: [31m500 - Cannot read properties of undefined (reading 'permissions') - /api/dashboard - GET - ::1[39m
2026-04-17 14:28:44:2844 [31merror[39m: [31m500 - Cannot read properties of undefined (reading 'permissions') - /api/dashboard - GET - ::1[39m
2026-04-17 20:28:06:286 [31merror[39m: [31m401 - Incorrect email or password - /api/auth/login - POST - ::1[39m
2026-04-17 20:28:09:289 [31merror[39m: [31m401 - Incorrect email or password - /api/auth/login - POST - ::1[39m
2026-04-17 20:28:47:2847 [31merror[39m: [31m401 - Incorrect email or password - /api/auth/login - POST - ::1[39m
2026-04-17 20:33:24:3324 [31merror[39m: [31m401 - Incorrect email or password - /api/auth/login - POST - ::1[39m
2026-04-18 20:01:13:113 [31merror[39m: [31mSMTP connection failed:[39m
2026-04-18 20:01:13:113 [31merror[39m: [31mSMTP connection failed:[39m
2026-04-18 20:02:21:221 [31merror[39m: [31mSMTP connection failed:[39m
2026-04-18 20:09:58:958 [31merror[39m: [31mSMTP connection failed:[39m
2026-04-18 20:36:38:3638 [31merror[39m: [31mSMTP connection failed:[39m
2026-04-18 20:38:17:3817 [31merror[39m: [31m403 - Please verify your email to login - /api/auth/login - POST - ::1[39m
2026-04-18 20:56:59:5659 [31merror[39m: [31mSMTP connection failed:[39m
2026-04-18 20:58:12:5812 [31merror[39m: [31mSMTP connection failed:[39m
2026-04-18 20:58:42:5842 [31merror[39m: [31mSMTP connection failed:[39m
2026-04-18 21:00:41:041 [31merror[39m: [31m403 - Please verify your email to login - /api/auth/login - POST - ::1[39m
2026-04-20 08:14:12:1412 [31merror[39m: [31m401 - Invalid token. Please log in again. - /api/auth/me - GET - ::1[39m
2026-04-20 08:14:12:1412 [31merror[39m: [31m401 - Invalid token. Please log in again. - /api/auth/me - GET - ::1[39m
2026-04-20 08:14:12:1412 [31merror[39m: [31m401 - Invalid token. Please log in again. - /api/auth/me - GET - ::1[39m
2026-04-20 08:14:12:1412 [31merror[39m: [31m401 - Invalid token. Please log in again. - /api/auth/me - GET - ::1[39m
2026-04-20 08:14:14:1414 [31merror[39m: [31m401 - Invalid token. Please log in again. - /api/auth/me - GET - ::1[39m
2026-04-20 08:14:14:1414 [31merror[39m: [31m401 - Invalid token. Please log in again. - /api/auth/me - GET - ::1[39m
2026-04-20 08:14:14:1414 [31merror[39m: [31m401 - Invalid token. Please log in again. - /api/auth/me - GET - ::1[39m
2026-04-20 08:14:14:1414 [31merror[39m: [31m401 - Invalid token. Please log in again. - /api/auth/me - GET - ::1[39m
2026-04-20 08:14:14:1414 [31merror[39m: [31m401 - Invalid token. Please log in again. - /api/auth/me - GET - ::1[39m
2026-04-20 08:14:14:1414 [31merror[39m: [31m401 - Invalid token. Please log in again. - /api/auth/me - GET - ::1[39m
2026-04-20 08:14:14:1414 [31merror[39m: [31m401 - Invalid token. Please log in again. - /api/auth/me - GET - ::1[39m
2026-04-20 08:14:14:1414 [31merror[39m: [31m401 - Invalid token. Please log in again. - /api/auth/me - GET - ::1[39m
2026-04-20 08:14:14:1414 [31merror[39m: [31m401 - Invalid token. Please log in again. - /api/auth/me - GET - ::1[39m
2026-04-20 08:14:14:1414 [31merror[39m: [31m401 - Invalid token. Please log in again. - /api/auth/me - GET - ::1[39m
2026-04-20 08:14:14:1414 [31merror[39m: [31m401 - Invalid token. Please log in again. - /api/auth/me - GET - ::1[39m
2026-04-20 08:14:14:1414 [31merror[39m: [31m401 - Invalid token. Please log in again. - /api/auth/me - GET - ::1[39m
2026-04-20 08:14:14:1414 [31merror[39m: [31m401 - Invalid token. Please log in again. - /api/auth/me - GET - ::1[39m
2026-04-20 08:14:14:1414 [31merror[39m: [31m401 - Invalid token. Please log in again. - /api/auth/me - GET - ::1[39m
2026-04-20 08:14:14:1414 [31merror[39m: [31m401 - Invalid token. Please log in again. - /api/auth/me - GET - ::1[39m
2026-04-20 08:14:14:1414 [31merror[39m: [31m401 - Invalid token. Please log in again. - /api/auth/me - GET - ::1[39m
2026-04-20 08:14:14:1414 [31merror[39m: [31m401 - Invalid token. Please log in again. - /api/auth/me - GET - ::1[39m
2026-04-20 08:14:14:1414 [31merror[39m: [31m401 - Invalid token. Please log in again. - /api/auth/me - GET - ::1[39m
2026-04-20 08:14:14:1414 [31merror[39m: [31m401 - Invalid token. Please log in again. - /api/auth/me - GET - ::1[39m
2026-04-20 08:14:14:1414 [31merror[39m: [31m401 - Invalid token. Please log in again. - /api/auth/me - GET - ::1[39m
2026-04-20 08:14:14:1414 [31merror[39m: [31m401 - Invalid token. Please log in again. - /api/auth/me - GET - ::1[39m
2026-04-20 08:14:14:1414 [31merror[39m: [31m401 - Invalid token. Please log in again. - /api/auth/me - GET - ::1[39m
2026-04-20 08:14:14:1414 [31merror[39m: [31m401 - Invalid token. Please log in again. - /api/auth/me - GET - ::1[39m
2026-04-20 08:14:14:1414 [31merror[39m: [31m401 - Invalid token. Please log in again. - /api/auth/me - GET - ::1[39m
2026-04-20 10:51:57:5157 [31merror[39m: [31m500 - Assignment is not defined - /api/assignments - GET - ::1[39m
2026-04-20 10:51:57:5157 [31merror[39m: [31m500 - Assignment is not defined - /api/assignments - GET - ::1[39m
2026-04-20 10:51:59:5159 [31merror[39m: [31mError fetching undefineds: Model.find is not a function[39m
2026-04-20 10:51:59:5159 [31merror[39m: [31m500 - Model.find is not a function - /api/events - GET - ::1[39m
2026-04-20 10:51:59:5159 [31merror[39m: [31mError fetching undefineds: Model.find is not a function[39m
2026-04-20 10:51:59:5159 [31merror[39m: [31m500 - Model.find is not a function - /api/events - GET - ::1[39m
2026-04-20 10:52:10:5210 [31merror[39m: [31m500 - Assignment is not defined - /api/assignments - GET - ::1[39m
2026-04-20 10:52:10:5210 [31merror[39m: [31m500 - Assignment is not defined - /api/assignments - GET - ::1[39m
2026-04-20 10:52:25:5225 [31merror[39m: [31m500 - Assignment is not defined - /api/assignments - GET - ::1[39m
2026-04-20 10:52:25:5225 [31merror[39m: [31m500 - Assignment is not defined - /api/assignments - GET - ::1[39m
2026-04-20 10:52:28:5228 [31merror[39m: [31mError fetching undefineds: Model.find is not a function[39m
2026-04-20 10:52:28:5228 [31merror[39m: [31m500 - Model.find is not a function - /api/events - GET - ::1[39m
2026-04-20 10:52:28:5228 [31merror[39m: [31mError fetching undefineds: Model.find is not a function[39m
2026-04-20 10:52:28:5228 [31merror[39m: [31m500 - Model.find is not a function - /api/events - GET - ::1[39m
2026-04-20 10:52:57:5257 [31merror[39m: [31m500 - Assignment is not defined - /api/assignments - GET - ::1[39m
2026-04-20 10:52:57:5257 [31merror[39m: [31m500 - Assignment is not defined - /api/assignments - GET - ::1[39m
2026-04-20 10:53:03:533 [31merror[39m: [31mError fetching undefineds: Model.find is not a function[39m
2026-04-20 10:53:03:533 [31merror[39m: [31m500 - Model.find is not a function - /api/events - GET - ::1[39m
2026-04-20 10:53:03:533 [31merror[39m: [31mError fetching undefineds: Model.find is not a function[39m
2026-04-20 10:53:03:533 [31merror[39m: [31m500 - Model.find is not a function - /api/events - GET - ::1[39m
2026-04-20 10:53:04:534 [31merror[39m: [31m500 - Assignment is not defined - /api/assignments - GET - ::1[39m
2026-04-20 10:53:04:534 [31merror[39m: [31m500 - Assignment is not defined - /api/assignments - GET - ::1[39m
2026-04-20 15:09:37:937 [31merror[39m: [31m401 - Your token has expired. Please log in again. - /api/auth/me - GET - ::1[39m
2026-04-20 15:09:37:937 [31merror[39m: [31m401 - Your token has expired. Please log in again. - /api/auth/me - GET - ::1[39m
2026-04-20 15:09:37:937 [31merror[39m: [31m401 - Your token has expired. Please log in again. - /api/auth/me - GET - ::1[39m
2026-04-20 15:09:37:937 [31merror[39m: [31m401 - Your token has expired. Please log in again. - /api/auth/me - GET - ::1[39m
2026-04-20 16:00:48:048 [31merror[39m: [31m500 - Validation failed: gender: `` is not a valid enum value for path `gender`. - /api/profile/update - PUT - ::1[39m
2026-04-20 16:12:08:128 [31merror[39m: [31m401 - Your token has expired. Please log in again. - /api/events - GET - ::1[39m
2026-04-20 16:12:08:128 [31merror[39m: [31m401 - Your token has expired. Please log in again. - /api/events - GET - ::1[39m
2026-04-20 19:10:06:106 [31merror[39m: [31m401 - Your token has expired. Please log in again. - /api/auth/me - GET - ::1[39m
2026-04-20 19:10:06:106 [31merror[39m: [31m401 - Your token has expired. Please log in again. - /api/auth/me - GET - ::1[39m
2026-04-20 19:10:06:106 [31merror[39m: [31m401 - Your token has expired. Please log in again. - /api/auth/me - GET - ::1[39m
2026-04-20 19:10:06:106 [31merror[39m: [31m401 - Your token has expired. Please log in again. - /api/auth/me - GET - ::1[39m
2026-04-21 08:32:03:323 [31merror[39m: [31m403 - You do not have permission to perform this action - /api/marketplace - POST - ::1[39m
2026-04-21 10:01:32:132 [31merror[39m: [31m401 - Incorrect email or password - /api/auth/login - POST - ::1[39m
2026-04-21 10:02:29:229 [31merror[39m: [31m403 - You do not have permission to perform this action - /api/marketplace - POST - ::1[39m
2026-04-21 12:49:53:4953 [31merror[39m: [31m401 - Your token has expired. Please log in again. - /api/study-groups - GET - ::1[39m
2026-04-27 02:01:08:18 [31merror[39m: [31m401 - Your token has expired. Please log in again. - /api/auth/me - GET - ::1[39m
2026-04-27 02:01:08:18 [31merror[39m: [31m401 - Your token has expired. Please log in again. - /api/auth/me - GET - ::1[39m
2026-04-27 02:01:08:18 [31merror[39m: [31m401 - Your token has expired. Please log in again. - /api/auth/me - GET - ::1[39m
2026-04-27 02:01:08:18 [31merror[39m: [31m401 - Your token has expired. Please log in again. - /api/auth/me - GET - ::1[39m
2026-04-27 06:43:53:4353 [31merror[39m: [31m401 - Incorrect email or password - /api/auth/login - POST - ::1[39m
2026-04-27 06:44:49:4449 [31merror[39m: [31mError sending email:[39m
2026-04-27 06:44:49:4449 [31merror[39m: [31m500 - Failed to send email - /api/auth/register - POST - ::1[39m
2026-04-27 08:41:00:410 [31merror[39m: [31m401 - Your token has expired. Please log in again. - /api/auth/me - GET - ::1[39m
2026-04-27 08:41:00:410 [31merror[39m: [31m401 - Your token has expired. Please log in again. - /api/auth/me - GET - ::1[39m
2026-04-27 08:41:00:410 [31merror[39m: [31m401 - Your token has expired. Please log in again. - /api/auth/me - GET - ::1[39m
2026-04-27 08:41:00:410 [31merror[39m: [31m401 - Your token has expired. Please log in again. - /api/auth/me - GET - ::1[39m
2026-04-27 09:58:50:5850 [31merror[39m: [31m401 - Your token has expired. Please log in again. - /api/auth/me - GET - ::1[39m
2026-04-27 09:58:50:5850 [31merror[39m: [31m401 - Your token has expired. Please log in again. - /api/auth/me - GET - ::1[39m
2026-04-27 09:58:50:5850 [31merror[39m: [31m401 - Your token has expired. Please log in again. - /api/auth/me - GET - ::1[39m
2026-04-27 09:58:50:5850 [31merror[39m: [31m401 - Your token has expired. Please log in again. - /api/auth/me - GET - ::1[39m
2026-04-28 08:57:26:5726 [31merror[39m: [31m401 - Your token has expired. Please log in again. - /api/auth/me - GET - ::1[39m
2026-04-28 08:57:26:5726 [31merror[39m: [31m401 - Your token has expired. Please log in again. - /api/auth/me - GET - ::1[39m
2026-04-28 08:57:26:5726 [31merror[39m: [31m401 - Your token has expired. Please log in again. - /api/auth/me - GET - ::1[39m
2026-04-28 08:57:26:5726 [31merror[39m: [31m401 - Your token has expired. Please log in again. - /api/auth/me - GET - ::1[39m
2026-04-28 10:32:01:321 [31merror[39m: [31m401 - Your token has expired. Please log in again. - /api/auth/me - GET - ::1[39m
2026-04-28 10:32:01:321 [31merror[39m: [31m401 - Your token has expired. Please log in again. - /api/auth/me - GET - ::1[39m
2026-04-28 10:32:01:321 [31merror[39m: [31m401 - Your token has expired. Please log in again. - /api/auth/me - GET - ::1[39m
2026-04-28 10:32:01:321 [31merror[39m: [31m401 - Your token has expired. Please log in again. - /api/auth/me - GET - ::1[39m
2026-04-28 14:08:56:856 [31merror[39m: [31m401 - Your token has expired. Please log in again. - /api/marketplace - GET - ::1[39m
2026-04-28 14:08:56:856 [31merror[39m: [31m401 - Your token has expired. Please log in again. - /api/marketplace - GET - ::1[39m
2026-04-28 14:08:56:856 [31merror[39m: [31m401 - Your token has expired. Please log in again. - /api/notifications - GET - ::1[39m
2026-04-28 14:08:56:856 [31merror[39m: [31m401 - Your token has expired. Please log in again. - /api/notifications - GET - ::1[39m
2026-04-28 14:08:56:856 [31merror[39m: [31m401 - Your token has expired. Please log in again. - /api/notifications - GET - ::1[39m
2026-04-30 11:00:32:032 [31merror[39m: [31m401 - Your token has expired. Please log in again. - /api/auth/me - GET - ::1[39m
2026-04-30 11:00:32:032 [31merror[39m: [31m401 - Your token has expired. Please log in again. - /api/auth/me - GET - ::1[39m
2026-04-30 11:00:32:032 [31merror[39m: [31m401 - Your token has expired. Please log in again. - /api/auth/me - GET - ::1[39m
2026-04-30 11:00:32:032 [31merror[39m: [31m401 - Your token has expired. Please log in again. - /api/auth/me - GET - ::1[39m
